2022-11-07T10:57:50.392Z info: HTTP POST /api/user/login
2022-11-07T10:59:11.483Z info: HTTP POST /api/user/login
2022-11-07T11:02:13.107Z info: HTTP POST /api/user/login
2022-11-07T12:25:19.972Z info: HTTP POST /api/user/login
2022-11-07T12:50:43.365Z info: HTTP POST /api/user/login
2022-11-07T12:50:59.725Z info: HTTP GET /api/user
2022-11-07T12:57:38.289Z info: HTTP POST /api/user/login
2022-11-07T13:00:22.871Z info: HTTP POST /api/user/login
2022-11-07T13:03:45.159Z info: HTTP POST /api/user/login
2022-11-07T13:08:32.123Z info: HTTP POST /api/user/login
2022-11-07T13:08:49.970Z info: HTTP GET /api/user
2022-11-07T13:08:58.461Z info: HTTP GET /api/user/11
2022-11-07T13:09:23.594Z info: HTTP GET /api/user/11
2022-11-07T13:10:32.194Z info: HTTP POST /api/user/logout
2022-11-07T13:11:27.976Z info: HTTP POST /api/user/registration
2022-11-07T13:18:36.858Z info: HTTP POST /api/user/registration
2022-11-07T13:19:20.968Z info: HTTP POST /api/user/registration
2022-11-07T13:19:51.210Z info: HTTP GET /api/post/
2022-11-07T13:20:14.076Z info: HTTP POST /api/post/
2022-11-07T13:20:18.357Z info: HTTP GET /api/post/
2022-11-07T13:20:25.054Z info: HTTP DELETE /api/post/1
2022-11-07T13:20:31.290Z info: HTTP DELETE /api/post/1
2022-11-07T13:20:35.710Z info: HTTP GET /api/post/
2022-11-07T13:24:43.384Z info: HTTP DELETE /api/post/6
2022-11-07T13:24:46.297Z info: HTTP GET /api/post/
2022-11-07T13:24:53.005Z info: HTTP POST /api/post/
2022-11-07T13:24:56.150Z info: HTTP GET /api/post/
2022-11-07T13:25:10.339Z info: HTTP DELETE /api/post/
2022-11-07T13:25:40.761Z info: HTTP GET /api/post/
2022-11-07T13:25:48.014Z info: HTTP POST /api/post/
2022-11-07T13:25:50.665Z info: HTTP POST /api/post/
2022-11-07T13:26:28.633Z info: HTTP POST /api/user/registration
2022-11-07T13:26:42.790Z info: HTTP DELETE /api/user/11
